<?xml version="1.0" encoding="UTF-8"?>
<Site BuildName="(empty)"
	BuildStamp="20250104-1058-Experimental"
	Name="Inariindream"
	Generator="ctest-3.23.0"
	CompilerName="/usr/bin/c++"
	CompilerVersion="9.4.0"
	OSName="Linux"
	Hostname="Inariindream"
	OSRelease="5.15.90.1-microsoft-standard-WSL2"
	OSVersion="#1 SMP Fri Jan 27 02:56:13 UTC 2023"
	OSPlatform="x86_64"
	Is64Bits="1"
	VendorString="GenuineIntel"
	VendorID="Intel Corporation"
	FamilyID="6"
	ModelID="165"
	ProcessorCacheSize="12288"
	NumberOfLogicalCPU="12"
	NumberOfPhysicalCPU="6"
	TotalVirtualMemory="2048"
	TotalPhysicalMemory="7901"
	LogicalProcessorsPerPhysical="2"
	ProcessorClockFrequency="2904.01"
	>
	<Testing>
		<StartDateTime>Jan 04 18:58 CST</StartDateTime>
		<StartTestTime>1735988328</StartTestTime>
		<TestList/>
		<EndDateTime>Jan 04 18:58 CST</EndDateTime>
		<EndTestTime>1735988328</EndTestTime>
		<ElapsedMinutes>0</ElapsedMinutes>
	</Testing>
</Site>
